17.8259 	WARNING 	User requested fullscreen with size [1024  768], but screen is actually [1280, 1024]. Using actual size
19.7552 	EXP 	Created window1 = Window(allowGUI=False, allowStencil=False, args=UNKNOWN, autoLog=True, bitsMode=UNKNOWN, blendMode='avg', color=array([0., 0., 0.]), colorSpace='rgb', fullscr=<method-wrapper '__getattribute__' of attributeSetter object at 0x000001490FAD4518>, gamma=None, kwargs=UNKNOWN, lms=UNKNOWN, monitor=<psychopy.monitors.calibTools.Monitor object at 0x000001491013C9E8>, multiSample=False, name='window1', numSamples=2, pos=[0.0, 0.0], screen=0, size=array([1280, 1024]), stereo=False, units='height', useFBO=True, useRetina=False, viewOri=0.0, viewPos=None, viewScale=None, waitBlanking=True, winType='pyglet')
19.7552 	EXP 	window1: recordFrameIntervals = False
19.9206 	EXP 	window1: recordFrameIntervals = True
20.1039 	EXP 	window1: recordFrameIntervals = False
20.8672 	EXP 	Created text = TextStim(__class__=<class 'psychopy.visual.text.TextStim'>, alignHoriz='center', alignVert='center', antialias=True, autoLog=True, bold=False, color='white', colorSpace='named', contrast=1.0, depth=-1.0, flipHoriz=False, flipVert=False, font='Arial', fontFiles=[], height=0.1, italic=False, languageStyle='LTR', name='text', opacity=1.0, ori=0, pos=array([0., 0.]), rgb=array([255., 255., 255.]), text='[]', units='height', win=Window(...), wrapWidth=1)
20.8682 	EXP 	Created sequence: sequential, trialTypes=1, nReps=5, seed=None
20.8684 	EXP 	New trial (rep=0, index=0): None
20.9084 	EXP 	text: autoDraw = True
21.8692 	EXP 	New trial (rep=1, index=0): None
21.8858 	EXP 	text: autoDraw = False
21.8858 	EXP 	text: autoDraw = True
22.8707 	EXP 	New trial (rep=2, index=0): None
22.8865 	EXP 	text: autoDraw = False
22.8865 	EXP 	text: autoDraw = True
23.8702 	EXP 	New trial (rep=3, index=0): None
23.8861 	EXP 	text: autoDraw = False
23.8861 	EXP 	text: autoDraw = True
24.2859 	DATA 	Keypress: space
24.8691 	EXP 	New trial (rep=4, index=0): None
24.8855 	EXP 	text: autoDraw = False
24.8855 	EXP 	text: autoDraw = True
25.9768 	EXP 	window1: mouseVisible = True
3.4398 	WARNING 	User requested fullscreen with size [1024  768], but screen is actually [1280, 1024]. Using actual size
4.2822 	EXP 	Created window1 = Window(allowGUI=False, allowStencil=False, args=UNKNOWN, autoLog=True, bitsMode=UNKNOWN, blendMode='avg', color=array([0., 0., 0.]), colorSpace='rgb', fullscr=<method-wrapper '__getattribute__' of attributeSetter object at 0x0000028B214E44E0>, gamma=None, kwargs=UNKNOWN, lms=UNKNOWN, monitor=<psychopy.monitors.calibTools.Monitor object at 0x0000028B21B7C9E8>, multiSample=False, name='window1', numSamples=2, pos=[0.0, 0.0], screen=0, size=array([1280, 1024]), stereo=False, units='height', useFBO=True, useRetina=False, viewOri=0.0, viewPos=None, viewScale=None, waitBlanking=True, winType='pyglet')
4.2822 	EXP 	window1: recordFrameIntervals = False
4.4470 	EXP 	window1: recordFrameIntervals = True
4.6311 	EXP 	window1: recordFrameIntervals = False
4.7534 	EXP 	Created text = TextStim(__class__=<class 'psychopy.visual.text.TextStim'>, alignHoriz='center', alignVert='center', antialias=True, autoLog=True, bold=False, color='white', colorSpace='named', contrast=1.0, depth=-1.0, flipHoriz=False, flipVert=False, font='Arial', fontFiles=[], height=0.1, italic=False, languageStyle='LTR', name='text', opacity=1.0, ori=0, pos=array([0., 0.]), rgb=array([255., 255., 255.]), text=str(...), units='height', win=Window(...), wrapWidth=1)
4.7536 	EXP 	Created sequence: sequential, trialTypes=1, nReps=5, seed=None
4.7538 	EXP 	New trial (rep=0, index=0): None
4.7592 	EXP 	text: autoDraw = True
5.7468 	EXP 	New trial (rep=1, index=0): None
5.7624 	EXP 	text: autoDraw = False
5.7624 	EXP 	text: autoDraw = False
5.7624 	EXP 	text: autoDraw = True
6.7486 	EXP 	New trial (rep=2, index=0): None
6.7637 	EXP 	text: autoDraw = False
6.7637 	EXP 	text: autoDraw = False
6.7637 	EXP 	text: autoDraw = True
7.7479 	EXP 	New trial (rep=3, index=0): None
7.7631 	EXP 	text: autoDraw = False
7.7631 	EXP 	text: autoDraw = False
7.7631 	EXP 	text: autoDraw = True
8.7478 	EXP 	New trial (rep=4, index=0): None
8.7632 	EXP 	text: autoDraw = False
8.7632 	EXP 	text: autoDraw = False
8.7632 	EXP 	text: autoDraw = True
9.7923 	EXP 	window1: mouseVisible = True
